Rendering to 1150x1150 image
Loaded scene with 100000 circles
Loaded scene with 100000 circles
---------------------------------------------------------
Initializing CUDA for CudaRenderer
Found 1 CUDA devices
Device 0: NVIDIA GeForce RTX 2080
   SMs:        46
   Global mem: 7959 MB
   CUDA Cap:   7.5
---------------------------------------------------------

Running benchmark, 1 frames, beginning at frame 0 ...
Total number of circles: 100000
Copying image data from device
***************** Correctness check passed **************************
Clear:    0.1622 ms
Advance:  0.0620 ms
Render:   0.9802 ms
Total:    1.2045 ms

Overall:  0.0215 sec (note units are seconds)
